<?xml version="1.0" encoding="UTF-8"?>
<!-- Generated by org.testng.reporters.JUnitReportReporter -->
<testsuite skipped="0" hostname="ANKURDIXIT" name="Ebay1TBSearch" tests="1" failures="0" timestamp="2019-03-25T21:33:38 IST" time="76.204" errors="0">
  <testcase name="f" time="76.204" classname="Ebay1TBSearch"/>
</testsuite> <!-- Ebay1TBSearch -->
