<?xml version="1.0" encoding="UTF-8"?>
<!-- Generated by org.testng.reporters.JUnitReportReporter -->
<testsuite skipped="0" hostname="ANKURDIXIT" name="EbayTest" tests="1" failures="0" timestamp="2019-03-23T19:56:53 IST" time="0.012" errors="0">
  <testcase name="f" time="0.012" classname="EbayTest"/>
</testsuite> <!-- EbayTest -->
