<?xml version="1.0" encoding="UTF-8"?>
<!-- Generated by org.testng.reporters.JUnitReportReporter -->
<testsuite skipped="0" hostname="ANKURDIXIT" name="EbayfirstSearch" tests="1" failures="0" timestamp="2019-03-26T22:01:59 IST" time="35.004" errors="0">
  <testcase name="f" time="35.004" classname="EbayfirstSearch"/>
</testsuite> <!-- EbayfirstSearch -->
